Apr 05, 2017 9:39:27 PM codeu.chat.ServerMain main
INFO: ============================= START OF LOG =============================
Apr 05, 2017 9:39:28 PM codeu.chat.ServerMain main
INFO: Starting server...
Apr 05, 2017 9:39:28 PM codeu.chat.ServerMain runServer
INFO: Server object created.
Apr 05, 2017 9:39:28 PM codeu.chat.ServerMain runServer
INFO: Starting hub...
Apr 05, 2017 9:39:48 PM codeu.chat.server.Server handleConnection
INFO: Handling new connection...
Apr 05, 2017 9:39:48 PM codeu.chat.server.Controller newUser
INFO: newUser success (user.id=[UUID:100.101.1737171220] user.name=Test user.time=05-Apr-2017 21:39:48.753)
Apr 05, 2017 9:39:48 PM codeu.chat.server.Server handleConnection
INFO: Handling new connection...
Apr 05, 2017 9:39:53 PM codeu.chat.server.Server handleConnection
INFO: Handling new connection...
Apr 05, 2017 9:39:56 PM codeu.chat.server.Server handleConnection
INFO: Handling new connection...
Apr 05, 2017 9:39:56 PM codeu.chat.server.Controller newConversation
INFO: Conversation added: [UUID:100.101.1840631351]
Apr 05, 2017 9:39:56 PM codeu.chat.server.Server handleConnection
INFO: Handling new connection...
Apr 05, 2017 9:39:56 PM codeu.chat.server.Server handleConnection
INFO: Handling new connection...
Apr 05, 2017 9:39:56 PM codeu.chat.server.Server handleConnection
INFO: Handling new connection...
Apr 05, 2017 9:40:00 PM codeu.chat.server.Server handleConnection
INFO: Handling new connection...
Apr 05, 2017 9:40:00 PM codeu.chat.server.Controller newMessage
INFO: Message added: [UUID:100.101.2915902617]
Apr 05, 2017 9:40:00 PM codeu.chat.server.Server handleConnection
INFO: Handling new connection...
Apr 05, 2017 9:40:00 PM codeu.chat.server.Server handleConnection
INFO: Handling new connection...
Apr 05, 2017 9:40:00 PM codeu.chat.server.View getMessages
INFO: in getMessage: UUID=[UUID:100.101.2915902617] range=5
Apr 05, 2017 9:40:06 PM codeu.chat.server.Server handleConnection
INFO: Handling new connection...
Apr 05, 2017 9:40:06 PM codeu.chat.server.Controller newMessage
INFO: Message added: [UUID:100.101.3846171987]
Apr 05, 2017 9:40:06 PM codeu.chat.server.Server handleConnection
INFO: Handling new connection...
Apr 05, 2017 9:40:06 PM codeu.chat.ServerMain$1 onException
SEVERE: Exception during server tick.
java.lang.NullPointerException
	at codeu.chat.server.Server.sendToRelay(Server.java:277)
	at codeu.chat.server.Server.onMessage(Server.java:111)
	at codeu.chat.server.Server.handleConnection(Server.java:74)
	at codeu.chat.ServerMain$1.handle(ServerMain.java:93)
	at codeu.chat.common.Hub$2.process(Hub.java:93)
	at codeu.chat.common.Hub$3.run(Hub.java:133)

Apr 05, 2017 9:40:06 PM codeu.chat.server.Server handleConnection
INFO: Handling new connection...
Apr 05, 2017 9:40:06 PM codeu.chat.server.Server handleConnection
INFO: Handling new connection...
Apr 05, 2017 9:40:06 PM codeu.chat.server.View getMessages
INFO: in getMessage: UUID=[UUID:100.101.2915902617] range=1
Apr 05, 2017 9:40:06 PM codeu.chat.server.Server handleConnection
INFO: Handling new connection...
Apr 05, 2017 9:40:06 PM codeu.chat.server.View getMessages
INFO: in getMessage: UUID=[UUID:100.101.3846171987] range=5
Apr 05, 2017 9:40:17 PM codeu.chat.server.Server handleConnection
INFO: Handling new connection...
Apr 05, 2017 9:40:18 PM codeu.chat.server.Controller newMessage
INFO: Message added: [UUID:100.101.2781491535]
Apr 05, 2017 9:40:18 PM codeu.chat.server.Server handleConnection
INFO: Handling new connection...
Apr 05, 2017 9:40:18 PM codeu.chat.ServerMain$1 onException
SEVERE: Exception during server tick.
java.lang.NullPointerException
	at codeu.chat.server.Server.sendToRelay(Server.java:277)
	at codeu.chat.server.Server.onMessage(Server.java:111)
	at codeu.chat.server.Server.handleConnection(Server.java:74)
	at codeu.chat.ServerMain$1.handle(ServerMain.java:93)
	at codeu.chat.common.Hub$2.process(Hub.java:93)
	at codeu.chat.common.Hub$3.run(Hub.java:133)

Apr 05, 2017 9:40:18 PM codeu.chat.server.Server handleConnection
INFO: Handling new connection...
Apr 05, 2017 9:40:18 PM codeu.chat.server.Server handleConnection
INFO: Handling new connection...
Apr 05, 2017 9:40:18 PM codeu.chat.server.View getMessages
INFO: in getMessage: UUID=[UUID:100.101.3846171987] range=1
Apr 05, 2017 9:40:18 PM codeu.chat.server.Server handleConnection
INFO: Handling new connection...
Apr 05, 2017 9:40:18 PM codeu.chat.server.View getMessages
INFO: in getMessage: UUID=[UUID:100.101.2781491535] range=5
Apr 05, 2017 9:40:23 PM codeu.chat.server.Server handleConnection
INFO: Handling new connection...
Apr 05, 2017 9:40:23 PM codeu.chat.server.Controller newMessage
INFO: Message added: [UUID:100.101.448259939]
Apr 05, 2017 9:40:23 PM codeu.chat.server.Server handleConnection
INFO: Handling new connection...
Apr 05, 2017 9:40:23 PM codeu.chat.ServerMain$1 onException
SEVERE: Exception during server tick.
java.lang.NullPointerException
	at codeu.chat.server.Server.sendToRelay(Server.java:277)
	at codeu.chat.server.Server.onMessage(Server.java:111)
	at codeu.chat.server.Server.handleConnection(Server.java:74)
	at codeu.chat.ServerMain$1.handle(ServerMain.java:93)
	at codeu.chat.common.Hub$2.process(Hub.java:93)
	at codeu.chat.common.Hub$3.run(Hub.java:133)

Apr 05, 2017 9:40:24 PM codeu.chat.server.Server handleConnection
INFO: Handling new connection...
Apr 05, 2017 9:40:24 PM codeu.chat.server.Server handleConnection
INFO: Handling new connection...
Apr 05, 2017 9:40:24 PM codeu.chat.server.View getMessages
INFO: in getMessage: UUID=[UUID:100.101.2781491535] range=1
Apr 05, 2017 9:40:24 PM codeu.chat.server.Server handleConnection
INFO: Handling new connection...
Apr 05, 2017 9:40:24 PM codeu.chat.server.View getMessages
INFO: in getMessage: UUID=[UUID:100.101.448259939] range=5
Apr 05, 2017 9:40:35 PM codeu.chat.server.Server handleConnection
INFO: Handling new connection...
Apr 05, 2017 9:40:35 PM codeu.chat.server.Controller newMessage
INFO: Message added: [UUID:100.101.426519171]
Apr 05, 2017 9:40:35 PM codeu.chat.server.Server handleConnection
INFO: Handling new connection...
Apr 05, 2017 9:40:35 PM codeu.chat.ServerMain$1 onException
SEVERE: Exception during server tick.
java.lang.NullPointerException
	at codeu.chat.server.Server.sendToRelay(Server.java:277)
	at codeu.chat.server.Server.onMessage(Server.java:111)
	at codeu.chat.server.Server.handleConnection(Server.java:74)
	at codeu.chat.ServerMain$1.handle(ServerMain.java:93)
	at codeu.chat.common.Hub$2.process(Hub.java:93)
	at codeu.chat.common.Hub$3.run(Hub.java:133)

Apr 05, 2017 9:40:35 PM codeu.chat.server.Server handleConnection
INFO: Handling new connection...
Apr 05, 2017 9:40:35 PM codeu.chat.server.Server handleConnection
INFO: Handling new connection...
Apr 05, 2017 9:40:35 PM codeu.chat.server.View getMessages
INFO: in getMessage: UUID=[UUID:100.101.448259939] range=1
Apr 05, 2017 9:40:35 PM codeu.chat.server.Server handleConnection
INFO: Handling new connection...
Apr 05, 2017 9:40:35 PM codeu.chat.server.View getMessages
INFO: in getMessage: UUID=[UUID:100.101.426519171] range=5
