Apr 05, 2017 9:39:44 PM codeu.chat.ClientMain main
INFO: ============================= START OF LOG =============================
Apr 05, 2017 9:39:44 PM codeu.chat.ClientMain main
INFO: Starting chat client...
Apr 05, 2017 9:39:44 PM codeu.chat.ClientMain main
INFO: Creating client...
Apr 05, 2017 9:39:44 PM codeu.chat.ClientMain main
INFO: Created client
Apr 05, 2017 9:39:48 PM codeu.chat.client.Controller newUser
INFO: newUser: Request completed.
Apr 05, 2017 9:39:48 PM codeu.chat.client.Controller newUser
INFO: newUser: Response completed.
Apr 05, 2017 9:39:48 PM codeu.chat.client.ClientUser addUser
INFO: New user complete, Name= "Test" UUID=[UUID:100.101.1737171220]
Apr 05, 2017 9:39:56 PM codeu.chat.client.ClientConversation startConversation
INFO: New conversation: Title= "he" UUID= [UUID:100.101.1840631351]
Apr 05, 2017 9:39:56 PM codeu.chat.client.ClientConversation updateCurrentConversation
INFO: Get Conversation: Title="he" UUID=[UUID:100.101.1840631351] first=[UUID:0] last=[UUID:0]

Apr 05, 2017 9:39:56 PM codeu.chat.client.ClientMessage updateMessages
INFO: ConversationHead: Title="he" UUID=[UUID:100.101.1840631351] first=[UUID:0] last=[UUID:0]

Apr 05, 2017 9:39:56 PM codeu.chat.client.ClientMessage getCurrentMessageFetchId
INFO: Refetch all messages: replaceAll=true firstMessage=[UUID:0]
Apr 05, 2017 9:39:56 PM codeu.chat.client.ClientMessage updateMessages
INFO: Retrieved 0 messages for conversation [UUID:100.101.1840631351] (he).

Apr 05, 2017 9:40:00 PM codeu.chat.client.ClientMessage addMessage
INFO: New message:, Author= [UUID:100.101.1737171220] UUID= [UUID:100.101.2915902617]
Apr 05, 2017 9:40:00 PM codeu.chat.client.ClientMessage updateMessages
INFO: ConversationHead: Title="he" UUID=[UUID:100.101.1840631351] first=[UUID:100.101.2915902617] last=[UUID:100.101.2915902617]

Apr 05, 2017 9:40:00 PM codeu.chat.client.ClientMessage getCurrentMessageFetchId
INFO: Refetch all messages: replaceAll=false firstMessage=[UUID:100.101.2915902617]
Apr 05, 2017 9:40:00 PM codeu.chat.client.ClientMessage updateMessages
INFO: Retrieved 1 messages for conversation [UUID:100.101.1840631351] (he).

Apr 05, 2017 9:40:06 PM codeu.chat.client.ChatBot getResponse
INFO: New message:, Author= [UUID:100.101.1737171220] UUID= [UUID:100.101.1872427003]
Apr 05, 2017 9:40:06 PM codeu.chat.client.ClientMessage addMessage
INFO: New message:, Author= [UUID:100.101.1737171220] UUID= [UUID:100.101.3846171987]
Apr 05, 2017 9:40:06 PM codeu.chat.client.ClientMessage updateMessages
INFO: ConversationHead: Title="he" UUID=[UUID:100.101.1840631351] first=[UUID:100.101.2915902617] last=[UUID:100.101.3846171987]

Apr 05, 2017 9:40:06 PM codeu.chat.client.ClientMessage updateMessages
INFO: Retrieved 2 messages for conversation [UUID:100.101.1840631351] (he).

Apr 05, 2017 9:40:18 PM codeu.chat.client.ChatBot getResponse
INFO: New message:, Author= [UUID:100.101.1737171220] UUID= [UUID:100.101.23530429]
Apr 05, 2017 9:40:18 PM codeu.chat.client.ClientMessage addMessage
INFO: New message:, Author= [UUID:100.101.1737171220] UUID= [UUID:100.101.2781491535]
Apr 05, 2017 9:40:18 PM codeu.chat.client.ClientMessage updateMessages
INFO: ConversationHead: Title="he" UUID=[UUID:100.101.1840631351] first=[UUID:100.101.2915902617] last=[UUID:100.101.2781491535]

Apr 05, 2017 9:40:18 PM codeu.chat.client.ClientMessage updateMessages
INFO: Retrieved 3 messages for conversation [UUID:100.101.1840631351] (he).

Apr 05, 2017 9:40:23 PM codeu.chat.client.ChatBot getResponse
INFO: New message:, Author= [UUID:100.101.1737171220] UUID= [UUID:100.101.2262667880]
Apr 05, 2017 9:40:24 PM codeu.chat.client.ClientMessage addMessage
INFO: New message:, Author= [UUID:100.101.1737171220] UUID= [UUID:100.101.448259939]
Apr 05, 2017 9:40:24 PM codeu.chat.client.ClientMessage updateMessages
INFO: ConversationHead: Title="he" UUID=[UUID:100.101.1840631351] first=[UUID:100.101.2915902617] last=[UUID:100.101.448259939]

Apr 05, 2017 9:40:24 PM codeu.chat.client.ClientMessage updateMessages
INFO: Retrieved 4 messages for conversation [UUID:100.101.1840631351] (he).

Apr 05, 2017 9:40:35 PM codeu.chat.client.ChatBot getResponse
INFO: New message:, Author= [UUID:100.101.1737171220] UUID= [UUID:100.101.748750010]
Apr 05, 2017 9:40:35 PM codeu.chat.client.ClientMessage addMessage
INFO: New message:, Author= [UUID:100.101.1737171220] UUID= [UUID:100.101.426519171]
Apr 05, 2017 9:40:35 PM codeu.chat.client.ClientMessage updateMessages
INFO: ConversationHead: Title="he" UUID=[UUID:100.101.1840631351] first=[UUID:100.101.2915902617] last=[UUID:100.101.426519171]

Apr 05, 2017 9:40:35 PM codeu.chat.client.ClientMessage updateMessages
INFO: Retrieved 5 messages for conversation [UUID:100.101.1840631351] (he).

Apr 05, 2017 9:40:53 PM codeu.chat.ClientMain main
INFO: chat client has exited.
